Arguments: 
  P:\Nodejs\node.exe C:\Program Files (x86)\Yarn\bin\yarn.js add actions/github@v2

PATH: 
  P:\Git\Git\cmd;C:\Python37\Scripts\;C:\Python37\;C:\Program Files (x86)\Common Files\Oracle\Java\javapath;C:\Program Files\Microsoft MPI\Bin\;C:\ProgramData\Oracle\Java\javapath;C:\WINDOWS\system32;C:\WINDOWS;C:\WINDOWS\System32\Wbem;C:\WINDOWS\System32\WindowsPowerShell\v1.0\;C:\Program Files (x86)\ATI Technologies\ATI.ACE\Core-Static;C:\Program Files (x86)\Skype\Phone\;C:\Program Files (x86)\GtkSharp\2.12\bin;C:\Program Files (x86)\AMD\ATI.ACE\Core-Static;C:\Program Files (x86)\NVIDIA Corporation\PhysX\Common;C:\Program Files\Microsoft SQL Server\130\Tools\Binn\;C:\Program Files\dotnet\;C:\WINDOWS\System32\OpenSSH\;C:\Program Files\NVIDIA Corporation\NVIDIA NvDLISR;P:\Git\Git\cmd;C:\Program Files\PuTTY\;C:\ProgramData\chocolatey\bin;;C:\WINDOWS\system32;C:\WINDOWS;C:\WINDOWS\System32\Wbem;C:\WINDOWS\System32\WindowsPowerShell\v1.0\;C:\WINDOWS\System32\OpenSSH\;P:\HashiCorp\Vagrant\bin;C:\Program Files\Microsoft SQL Server\Client SDK\ODBC\170\Tools\Binn\;C:\Program Files (x86)\Microsoft SQL Server\150\Tools\Binn\;C:\Program Files\Microsoft SQL Server\150\Tools\Binn\;C:\Program Files\Microsoft SQL Server\150\DTS\Binn\;P:\Nodejs\;C:\Program Files (x86)\Yarn\bin\;C:\Program Files\Docker\Docker\resources\bin;C:\ProgramData\DockerDesktop\version-bin;C:\Users\renne_000\AppData\Local\Microsoft\WindowsApps;P:\Visual Studio\bin;P:\VisualStudioCode\bin;C:\Program Files\heroku\bin;P:\Jetbrains\PyCharm 2019.1.1\bin;P:\Jetbrains\JetBrains Rider 2019.1.3\bin;C:\Users\renne_000\AppData\Roaming\npm;C:\Users\renne_000\AppData\Local\Yarn\bin

Yarn version: 
  1.22.4

Node version: 
  13.12.0

Platform: 
  win32 x64

Trace: 
  Error: https://registry.yarnpkg.com/actions%2fgithub: Request "https://registry.yarnpkg.com/actions%2fgithub" returned a 405
      at Request.params.callback [as _callback] (C:\Program Files (x86)\Yarn\lib\cli.js:66105:18)
      at Request.self.callback (C:\Program Files (x86)\Yarn\lib\cli.js:140748:22)
      at Request.emit (events.js:315:20)
      at Request.<anonymous> (C:\Program Files (x86)\Yarn\lib\cli.js:141720:10)
      at Request.emit (events.js:315:20)
      at IncomingMessage.<anonymous> (C:\Program Files (x86)\Yarn\lib\cli.js:141642:12)
      at Object.onceWrapper (events.js:421:28)
      at IncomingMessage.emit (events.js:327:22)
      at endReadableNT (_stream_readable.js:1201:12)
      at processTicksAndRejections (internal/process/task_queues.js:84:21)

npm manifest: 
  {
    "name": "release-action",
    "version": "1.0.0",
    "main": "index.js",
    "repository": "https://github.com/STEM-C/release-action.git",
    "author": "Dakota Rennemann <rennemannd@gmail.com>",
    "license": "MIT",
    "dependencies": {
      "@actions/core": "^1.2.4",
      "@octokit/request": "^5.4.6"
    }
  }

yarn manifest: 
  No manifest

Lockfile: 
  # THIS IS AN AUTOGENERATED FILE. DO NOT EDIT THIS FILE DIRECTLY.
  # yarn lockfile v1
  
  
  "@actions/core@^1.2.4":
    version "1.2.4"
    resolved "https://registry.yarnpkg.com/@actions/core/-/core-1.2.4.tgz#96179dbf9f8d951dd74b40a0dbd5c22555d186ab"
    integrity sha512-YJCEq8BE3CdN8+7HPZ/4DxJjk/OkZV2FFIf+DlZTC/4iBlzYCD5yjRR6eiOS5llO11zbRltIRuKAjMKaWTE6cg==
  
  "@octokit/endpoint@^6.0.1":
    version "6.0.4"
    resolved "https://registry.yarnpkg.com/@octokit/endpoint/-/endpoint-6.0.4.tgz#da3eafdee1fabd6e5b6ca311efcba26f0dd99848"
    integrity sha512-ZJHIsvsClEE+6LaZXskDvWIqD3Ao7+2gc66pRG5Ov4MQtMvCU9wGu1TItw9aGNmRuU9x3Fei1yb+uqGaQnm0nw==
    dependencies:
      "@octokit/types" "^5.0.0"
      is-plain-object "^3.0.0"
      universal-user-agent "^6.0.0"
  
  "@octokit/request-error@^2.0.0":
    version "2.0.2"
    resolved "https://registry.yarnpkg.com/@octokit/request-error/-/request-error-2.0.2.tgz#0e76b83f5d8fdda1db99027ea5f617c2e6ba9ed0"
    integrity sha512-2BrmnvVSV1MXQvEkrb9zwzP0wXFNbPJij922kYBTLIlIafukrGOb+ABBT2+c6wZiuyWDH1K1zmjGQ0toN/wMWw==
    dependencies:
      "@octokit/types" "^5.0.1"
      deprecation "^2.0.0"
      once "^1.4.0"
  
  "@octokit/request@^5.4.6":
    version "5.4.6"
    resolved "https://registry.yarnpkg.com/@octokit/request/-/request-5.4.6.tgz#e8cc8d4cfc654d30428ea92aaa62168fd5ead7eb"
    integrity sha512-9r8Sn4CvqFI9LDLHl9P17EZHwj3ehwQnTpTE+LEneb0VBBqSiI/VS4rWIBfBhDrDs/aIGEGZRSB0QWAck8u+2g==
    dependencies:
      "@octokit/endpoint" "^6.0.1"
      "@octokit/request-error" "^2.0.0"
      "@octokit/types" "^5.0.0"
      deprecation "^2.0.0"
      is-plain-object "^3.0.0"
      node-fetch "^2.3.0"
      once "^1.4.0"
      universal-user-agent "^6.0.0"
  
  "@octokit/types@^5.0.0", "@octokit/types@^5.0.1":
    version "5.1.0"
    resolved "https://registry.yarnpkg.com/@octokit/types/-/types-5.1.0.tgz#4377a3f39edad3e60753fb5c3c310756f1ded57f"
    integrity sha512-OFxUBgrEllAbdEmWp/wNmKIu5EuumKHG4sgy56vjZ8lXPgMhF05c76hmulfOdFHHYRpPj49ygOZJ8wgVsPecuA==
    dependencies:
      "@types/node" ">= 8"
  
  "@types/node@>= 8":
    version "14.0.24"
    resolved "https://registry.yarnpkg.com/@types/node/-/node-14.0.24.tgz#b0f86f58564fa02a28b68f8b55d4cdec42e3b9d6"
    integrity sha512-btt/oNOiDWcSuI721MdL8VQGnjsKjlTMdrKyTcLCKeQp/n4AAMFJ961wMbp+09y8WuGPClDEv07RIItdXKIXAA==
  
  deprecation@^2.0.0:
    version "2.3.1"
    resolved "https://registry.yarnpkg.com/deprecation/-/deprecation-2.3.1.tgz#6368cbdb40abf3373b525ac87e4a260c3a700919"
    integrity sha512-xmHIy4F3scKVwMsQ4WnVaS8bHOx0DmVwRywosKhaILI0ywMDWPtBSku2HNxRvF7jtwDRsoEwYQSfbxj8b7RlJQ==
  
  is-plain-object@^3.0.0:
    version "3.0.1"
    resolved "https://registry.yarnpkg.com/is-plain-object/-/is-plain-object-3.0.1.tgz#662d92d24c0aa4302407b0d45d21f2251c85f85b"
    integrity sha512-Xnpx182SBMrr/aBik8y+GuR4U1L9FqMSojwDQwPMmxyC6bvEqly9UBCxhauBF5vNh2gwWJNX6oDV7O+OM4z34g==
  
  node-fetch@^2.3.0:
    version "2.6.0"
    resolved "https://registry.yarnpkg.com/node-fetch/-/node-fetch-2.6.0.tgz#e633456386d4aa55863f676a7ab0daa8fdecb0fd"
    integrity sha512-8dG4H5ujfvFiqDmVu9fQ5bOHUC15JMjMY/Zumv26oOvvVJjM67KF8koCWIabKQ1GJIa9r2mMZscBq/TbdOcmNA==
  
  once@^1.4.0:
    version "1.4.0"
    resolved "https://registry.yarnpkg.com/once/-/once-1.4.0.tgz#583b1aa775961d4b113ac17d9c50baef9dd76bd1"
    integrity sha1-WDsap3WWHUsROsF9nFC6753Xa9E=
    dependencies:
      wrappy "1"
  
  universal-user-agent@^6.0.0:
    version "6.0.0"
    resolved "https://registry.yarnpkg.com/universal-user-agent/-/universal-user-agent-6.0.0.tgz#3381f8503b251c0d9cd21bc1de939ec9df5480ee"
    integrity sha512-isyNax3wXoKaulPDZWHQqbmIx1k2tb9fb3GGDBRxCscfYV2Ch7WxPArBsFEG8s/safwXTT7H4QGhaIkTp9447w==
  
  wrappy@1:
    version "1.0.2"
    resolved "https://registry.yarnpkg.com/wrappy/-/wrappy-1.0.2.tgz#b5243d8f3ec1aa35f1364605bc0d1036e30ab69f"
    integrity sha1-tSQ9jz7BqjXxNkYFvA0QNuMKtp8=
